\BOOKMARK [0][-]{chapter.1}{Introduction}{}% 1
\BOOKMARK [0][-]{chapter.2}{Theoretical Framework}{}% 2
\BOOKMARK [1][-]{section.2.1}{The Standard Model}{chapter.2}% 3
\BOOKMARK [2][-]{subsection.2.1.1}{Overview of the Standard Model}{section.2.1}% 4
\BOOKMARK [2][-]{subsection.2.1.2}{Building the Standard Model}{section.2.1}% 5
\BOOKMARK [2][-]{subsection.2.1.3}{The Higgs Boson}{section.2.1}% 6
\BOOKMARK [1][-]{section.2.2}{Exclusive Particle Interactions}{chapter.2}% 7
\BOOKMARK [2][-]{subsection.2.2.1}{Overview of exclusivity or diffraction}{section.2.2}% 8
\BOOKMARK [2][-]{subsection.2.2.2}{Production of the exclusive Higgs boson}{section.2.2}% 9
\BOOKMARK [1][-]{section.2.3}{Minimal Supersymmetric Standard Model}{chapter.2}% 10
\BOOKMARK [2][-]{subsection.2.3.1}{Two-Higgs-Doublet Model}{section.2.3}% 11
\BOOKMARK [2][-]{subsection.2.3.2}{The charged Higgs boson}{section.2.3}% 12
\BOOKMARK [0][-]{chapter.3}{Experimental Setup}{}% 13
\BOOKMARK [1][-]{section.3.1}{The Large Hadron Collider }{chapter.3}% 14
\BOOKMARK [1][-]{section.3.2}{The ATLAS Detector}{chapter.3}% 15
\BOOKMARK [2][-]{subsection.3.2.1}{The Inner Detector}{section.3.2}% 16
\BOOKMARK [2][-]{subsection.3.2.2}{Calorimeters}{section.3.2}% 17
\BOOKMARK [2][-]{subsection.3.2.3}{The Muon Spectrometer}{section.3.2}% 18
\BOOKMARK [2][-]{subsection.3.2.4}{The Trigger and Data Acquisition System}{section.3.2}% 19
\BOOKMARK [0][-]{chapter.4}{ATLAS Simulation Chain}{}% 20
\BOOKMARK [1][-]{section.4.1}{Event Generation}{chapter.4}% 21
\BOOKMARK [2][-]{subsection.4.1.1}{Parton Shower Development}{section.4.1}% 22
\BOOKMARK [2][-]{subsection.4.1.2}{Hadronization}{section.4.1}% 23
\BOOKMARK [2][-]{subsection.4.1.3}{Underlying Event and Pileup}{section.4.1}% 24
\BOOKMARK [2][-]{subsection.4.1.4}{Monte Carlo Generators}{section.4.1}% 25
\BOOKMARK [1][-]{section.4.2}{Detector Simulation and Data Management}{chapter.4}% 26
\BOOKMARK [0][-]{chapter.5}{Physics Objects}{}% 27
\BOOKMARK [1][-]{section.5.1}{Tracks}{chapter.5}% 28
\BOOKMARK [2][-]{subsection.5.1.1}{Inner Detector Tracks}{section.5.1}% 29
\BOOKMARK [2][-]{subsection.5.1.2}{Muon Spectrometer Tracks}{section.5.1}% 30
\BOOKMARK [1][-]{section.5.2}{Electrons}{chapter.5}% 31
\BOOKMARK [2][-]{subsection.5.2.1}{Reconstruction and Identification}{section.5.2}% 32
\BOOKMARK [2][-]{subsection.5.2.2}{Measurement of efficiencies, corrections and uncertainties}{section.5.2}% 33
\BOOKMARK [1][-]{section.5.3}{Muons}{chapter.5}% 34
\BOOKMARK [2][-]{subsection.5.3.1}{Reconstruction and Identification}{section.5.3}% 35
\BOOKMARK [2][-]{subsection.5.3.2}{Measurement of efficiencies, corrections and uncertainties}{section.5.3}% 36
\BOOKMARK [1][-]{section.5.4}{Jets}{chapter.5}% 37
\BOOKMARK [2][-]{subsection.5.4.1}{The anti-kt clustering scheme}{section.5.4}% 38
\BOOKMARK [2][-]{subsection.5.4.2}{Performance and Calibration}{section.5.4}% 39
\BOOKMARK [2][-]{subsection.5.4.3}{B-Tagging}{section.5.4}% 40
\BOOKMARK [1][-]{section.5.5}{Taus}{chapter.5}% 41
\BOOKMARK [2][-]{subsection.5.5.1}{Reconstruction and Identification}{section.5.5}% 42
\BOOKMARK [1][-]{section.5.6}{Missing Energy}{chapter.5}% 43
\BOOKMARK [2][-]{subsection.5.6.1}{Run I Reconstruction}{section.5.6}% 44
\BOOKMARK [2][-]{subsection.5.6.2}{Run II Reconstruction}{section.5.6}% 45
\BOOKMARK [0][-]{chapter.6}{Charged Higgs Search}{}% 46
\BOOKMARK [1][-]{section.6.1}{Data and Simulation}{chapter.6}% 47
\BOOKMARK [1][-]{section.6.2}{Object Selection}{chapter.6}% 48
\BOOKMARK [1][-]{section.6.3}{Event Selection}{chapter.6}% 49
\BOOKMARK [2][-]{subsection.6.3.1}{Trigger Efficiency}{section.6.3}% 50
\BOOKMARK [1][-]{section.6.4}{Background Modelling}{chapter.6}% 51
\BOOKMARK [2][-]{subsection.6.4.1}{Lepton to }{section.6.4}% 52
\BOOKMARK [2][-]{subsection.6.4.2}{j backgrounds}{section.6.4}% 53
\BOOKMARK [2][-]{subsection.6.4.3}{True had-vis backgrounds}{section.6.4}% 54
\BOOKMARK [1][-]{section.6.5}{Systematic Uncertainties and Statistical Methods}{chapter.6}% 55
\BOOKMARK [2][-]{subsection.6.5.1}{Systematic Uncertainties}{section.6.5}% 56
\BOOKMARK [2][-]{subsection.6.5.2}{Statistical Methods}{section.6.5}% 57
\BOOKMARK [1][-]{section.6.6}{Results}{chapter.6}% 58
\BOOKMARK [2][-]{subsection.6.6.1}{Expected and Observed Event Yields}{section.6.6}% 59
\BOOKMARK [2][-]{subsection.6.6.2}{Statistical Analysis}{section.6.6}% 60
\BOOKMARK [0][-]{chapter.7}{Exclusive Higgs Search}{}% 61
\BOOKMARK [1][-]{section.7.1}{Data and Simulation}{chapter.7}% 62
\BOOKMARK [1][-]{section.7.2}{Object Selection}{chapter.7}% 63
\BOOKMARK [1][-]{section.7.3}{Event Selection}{chapter.7}% 64
\BOOKMARK [2][-]{subsection.7.3.1}{Exclusivity Selection}{section.7.3}% 65
\BOOKMARK [2][-]{subsection.7.3.2}{Performance and calibration of exclusivity}{section.7.3}% 66
\BOOKMARK [1][-]{section.7.4}{Modelling of background processes}{chapter.7}% 67
\BOOKMARK [2][-]{subsection.7.4.1}{Exclusive backgrounds}{section.7.4}% 68
\BOOKMARK [2][-]{subsection.7.4.2}{Inclusive backgrounds}{section.7.4}% 69
\BOOKMARK [1][-]{section.7.5}{Validation of background modelling}{chapter.7}% 70
\BOOKMARK [2][-]{subsection.7.5.1}{Exclusive W+W-}{section.7.5}% 71
\BOOKMARK [2][-]{subsection.7.5.2}{Inclusive Z}{section.7.5}% 72
\BOOKMARK [1][-]{section.7.6}{Systematic Uncertainties and Statistical analysis}{chapter.7}% 73
\BOOKMARK [1][-]{section.7.7}{Results}{chapter.7}% 74
\BOOKMARK [2][-]{subsection.7.7.1}{Expected and observed event yields}{section.7.7}% 75
\BOOKMARK [2][-]{subsection.7.7.2}{Statistical Analysis}{section.7.7}% 76
\BOOKMARK [0][-]{chapter.8}{Conclusion}{}% 77
\BOOKMARK [0][-]{chapter.8}{Bibliography}{}% 78
